[2026/01/04 20:11:00] [info] binlogsyncer.go:144 create BinlogSyncer with config {1001 mysql 127.0.0.1 3306 root   utf8 false false <nil> false UTC false 0 0s 0s 0 false false 0}
[2026/01/04 20:11:05] [info] canal.go:241 closing canal
[2026/01/04 20:11:05] [info] binlogsyncer.go:176 syncer is closing...
[2026/01/04 20:11:05] [info] binlogsyncer.go:203 syncer is closed
[2026/01/04 20:12:01] [info] binlogsyncer.go:144 create BinlogSyncer with config {1001 mysql 127.0.0.1 3306 root   utf8 false false <nil> false UTC false 0 0s 0s 0 false false 0}
2026-01-04 20:12:01	info	create index: users ,mappings: {"mappings":{"properties":{"id":{"type":"long"},"name":{"type":"keyword"}}}}
2026-01-04 20:12:01	info	export sql : select b.* from (select id from crmeb.users order by id limit 0,100) a left join crmeb.users b on a.id=b.id
2026-01-04 20:12:01	info	export sql : select b.* from (select id from crmeb.users order by id limit 800,100) a left join crmeb.users b on a.id=b.id
2026-01-04 20:12:01	info	export sql : select b.* from (select id from crmeb.users order by id limit 200,100) a left join crmeb.users b on a.id=b.id
2026-01-04 20:12:01	info	export sql : select b.* from (select id from crmeb.users order by id limit 1300,100) a left join crmeb.users b on a.id=b.id
2026-01-04 20:12:01	info	export sql : select b.* from (select id from crmeb.users order by id limit 1000,100) a left join crmeb.users b on a.id=b.id
2026-01-04 20:12:01	info	export sql : select b.* from (select id from crmeb.users order by id limit 400,100) a left join crmeb.users b on a.id=b.id
2026-01-04 20:12:01	info	export sql : select b.* from (select id from crmeb.users order by id limit 1800,100) a left join crmeb.users b on a.id=b.id
2026-01-04 20:12:01	info	export sql : select b.* from (select id from crmeb.users order by id limit 100,100) a left join crmeb.users b on a.id=b.id
2026-01-04 20:12:01	info	export sql : select b.* from (select id from crmeb.users order by id limit 500,100) a left join crmeb.users b on a.id=b.id
2026-01-04 20:12:01	info	export sql : select b.* from (select id from crmeb.users order by id limit 700,100) a left join crmeb.users b on a.id=b.id
2026-01-04 20:12:01	info	export sql : select b.* from (select id from crmeb.users order by id limit 300,100) a left join crmeb.users b on a.id=b.id
2026-01-04 20:12:01	info	export sql : select b.* from (select id from crmeb.users order by id limit 1100,100) a left join crmeb.users b on a.id=b.id
2026-01-04 20:12:01	info	export sql : select b.* from (select id from crmeb.users order by id limit 600,100) a left join crmeb.users b on a.id=b.id
2026-01-04 20:12:01	info	export sql : select b.* from (select id from crmeb.users order by id limit 1200,100) a left join crmeb.users b on a.id=b.id
2026-01-04 20:12:01	info	export sql : select b.* from (select id from crmeb.users order by id limit 1400,100) a left join crmeb.users b on a.id=b.id
2026-01-04 20:12:01	info	export sql : select b.* from (select id from crmeb.users order by id limit 1600,100) a left join crmeb.users b on a.id=b.id
2026-01-04 20:12:01	info	export sql : select b.* from (select id from crmeb.users order by id limit 1500,100) a left join crmeb.users b on a.id=b.id
2026-01-04 20:12:01	info	export sql : select b.* from (select id from crmeb.users order by id limit 1700,100) a left join crmeb.users b on a.id=b.id
2026-01-04 20:12:01	info	export sql : select b.* from (select id from crmeb.users order by id limit 1900,100) a left join crmeb.users b on a.id=b.id
2026-01-04 20:12:01	info	export sql : select b.* from (select id from crmeb.users order by id limit 900,100) a left join crmeb.users b on a.id=b.id
2026-01-04 20:12:01	info	index: users, doc: {"id":1,"name":"Alice"}
2026-01-04 20:12:01	info	index: users, doc: {"id":2,"name":"Bob"}
2026-01-04 20:12:01	info	index: users, doc: {"id":3,"name":"Alton"}
[2026/01/04 20:12:01] [info] canal.go:241 closing canal
[2026/01/04 20:12:01] [info] binlogsyncer.go:176 syncer is closing...
[2026/01/04 20:12:01] [info] binlogsyncer.go:203 syncer is closed
